INFO - App:  2024/01/27 13:09:58.976383 The chat Hub is running...
INFO - App:  2024/01/27 13:10:17.614178 WaitingRoom created, id: id: 73422980-ef0a-4c02-81ec-5f428e1ff07b
INFO - App:  2024/01/27 13:10:17.614339 connection 0xc0001662c0 to '/joinGame' is upgraded to the WebSocket protocol
INFO - App:  2024/01/27 13:10:17.614382 New client in room 'id: 73422980-ef0a-4c02-81ec-5f428e1ff07b' is created: addr: 0xc00006e380 || User:'ttt' || connection: 0xc0001662c0 || channels: clientRegistered 0xc000030480  |  ReceivedMessages 0xc000070360
INFO - App:  2024/01/27 13:10:17.614486 User 'ttt' joined  room 'id: 73422980-ef0a-4c02-81ec-5f428e1ff07b' 
INFO - App:  2024/01/27 13:10:17.614556 write message {"type":"usersInRoom","payload":{"result":"success","data":[{"playerName":"ttt","playerNumber":1}]}}
INFO - App:  2024/01/27 13:10:17.614565 Websocket: send message: '{"type":"usersInRoom","payload":{"result":"success","data":[{"playerName":"ttt","playerNumber":1}]}}' to client addr: 0xc00006e380 || User:'ttt' || connection: 0xc0001662c0 || channels: clientRegistered 0xc000030480  |  ReceivedMessages 0xc000070360
INFO - App:  2024/01/27 13:10:17.614596 Websocket: send message: '{"type":"registerNewPlayer","payload":{"result":"success","data":{"playerName":"ttt","playerNumbe......' to client addr: 0xc00006e380 || User:'ttt' || connection: 0xc0001662c0 || channels: clientRegistered 0xc000030480  |  ReceivedMessages 0xc000070360
INFO - App:  2024/01/27 13:10:27.169110 connection 0xc0001666e0 to '/joinGame' is upgraded to the WebSocket protocol
INFO - App:  2024/01/27 13:10:27.169215 New client in room 'id: 73422980-ef0a-4c02-81ec-5f428e1ff07b' is created: addr: 0xc00006e540 || User:'eee' || connection: 0xc0001666e0 || channels: clientRegistered 0xc000030600  |  ReceivedMessages 0xc000070480
INFO - App:  2024/01/27 13:10:27.169480 User 'eee' joined  room 'id: 73422980-ef0a-4c02-81ec-5f428e1ff07b' 
INFO - App:  2024/01/27 13:10:27.169539 write message {"type":"registerNewPlayer","payload":{"result":"success","data":{"playerName":"eee","playerNumber":2}}}
INFO - App:  2024/01/27 13:10:27.169548 Websocket: send message: '{"type":"registerNewPlayer","payload":{"result":"success","data":{"playerName":"eee","playerNumbe......' to client addr: 0xc00006e380 || User:'ttt' || connection: 0xc0001662c0 || channels: clientRegistered 0xc000030480  |  ReceivedMessages 0xc000070360
INFO - App:  2024/01/27 13:10:27.169724 write message {"type":"usersInRoom","payload":{"result":"success","data":[{"playerName":"ttt","playerNumber":1},{"playerName":"eee","playerNumber":2}]}}
INFO - App:  2024/01/27 13:10:27.169779 Websocket: send message: '{"type":"usersInRoom","payload":{"result":"success","data":[{"playerName":"ttt","playerNumber":1}......' to client addr: 0xc00006e540 || User:'eee' || connection: 0xc0001666e0 || channels: clientRegistered 0xc000030600  |  ReceivedMessages 0xc000070480
INFO - App:  2024/01/27 13:10:27.169819 Websocket: send message: '{"type":"registerNewPlayer","payload":{"result":"success","data":{"playerName":"eee","playerNumbe......' to client addr: 0xc00006e540 || User:'eee' || connection: 0xc0001666e0 || channels: clientRegistered 0xc000030600  |  ReceivedMessages 0xc000070480
INFO - App:  2024/01/27 13:27:09.435185 Message received from js: { }
 
INFO - App:  2024/01/27 13:27:09.443208 write message {"type":"userQuitChat","payload":{"result":"success","data":{"playerName":"ttt","playerNumber":1}}}
INFO - App:  2024/01/27 13:27:09.443299 Websocket: send message: '{"type":"userQuitChat","payload":{"result":"success","data":{"playerName":"ttt","playerNumber":1}}}' to client addr: 0xc00006e540 || User:'eee' || connection: 0xc0001666e0 || channels: clientRegistered 0xc000030600  |  ReceivedMessages 0xc000070480
INFO - App:  2024/01/27 13:27:09.443780 ReadPump closed connection 0xc0001662c0
INFO - App:  2024/01/27 13:27:09.443904 write message 
INFO - App:  2024/01/27 13:27:09.443913 WritePump is closing connection because the hub closed the channel 0xc000070360 
INFO - App:  2024/01/27 13:27:09.443986 WritePump is closing connection 0xc0001662c0 of client 'addr: 0xc00006e380 || User:'ttt' || connection: 0xc0001662c0 || channels: clientRegistered 0xc000030480  |  ReceivedMessages 0xc000070360' because the hub closed the channel 0xc000070360 
INFO - App:  2024/01/27 13:27:13.984512 connection 0xc0000d22c0 to '/joinGame' is upgraded to the WebSocket protocol
INFO - App:  2024/01/27 13:27:13.984691 New client in room 'id: 73422980-ef0a-4c02-81ec-5f428e1ff07b' is created: addr: 0xc0000c4100 || User:'tt' || connection: 0xc0000d22c0 || channels: clientRegistered 0xc0000b2120  |  ReceivedMessages 0xc00008e540
INFO - App:  2024/01/27 13:27:13.985317 User 'tt' joined  room 'id: 73422980-ef0a-4c02-81ec-5f428e1ff07b' 
INFO - App:  2024/01/27 13:27:13.986525 write message {"type":"registerNewPlayer","payload":{"result":"success","data":{"playerName":"tt","playerNumber":2}}}
INFO - App:  2024/01/27 13:27:13.986607 Websocket: send message: '{"type":"registerNewPlayer","payload":{"result":"success","data":{"playerName":"tt","playerNumber......' to client addr: 0xc00006e540 || User:'eee' || connection: 0xc0001666e0 || channels: clientRegistered 0xc000030600  |  ReceivedMessages 0xc000070480
INFO - App:  2024/01/27 13:27:13.987366 write message {"type":"usersInRoom","payload":{"result":"success","data":[{"playerName":"eee","playerNumber":2},{"playerName":"tt","playerNumber":2}]}}
INFO - App:  2024/01/27 13:27:13.987624 Websocket: send message: '{"type":"usersInRoom","payload":{"result":"success","data":[{"playerName":"eee","playerNumber":2}......' to client addr: 0xc0000c4100 || User:'tt' || connection: 0xc0000d22c0 || channels: clientRegistered 0xc0000b2120  |  ReceivedMessages 0xc00008e540
INFO - App:  2024/01/27 13:27:13.988069 Websocket: send message: '{"type":"registerNewPlayer","payload":{"result":"success","data":{"playerName":"tt","playerNumber......' to client addr: 0xc0000c4100 || User:'tt' || connection: 0xc0000d22c0 || channels: clientRegistered 0xc0000b2120  |  ReceivedMessages 0xc00008e540
INFO - App:  2024/01/27 13:27:21.418879 Message received from js: { }
 
INFO - App:  2024/01/27 13:27:21.420252 write message {"type":"userQuitChat","payload":{"result":"success","data":{"playerName":"eee","playerNumber":2}}}
INFO - App:  2024/01/27 13:27:21.420292 Websocket: send message: '{"type":"userQuitChat","payload":{"result":"success","data":{"playerName":"eee","playerNumber":2}}}' to client addr: 0xc0000c4100 || User:'tt' || connection: 0xc0000d22c0 || channels: clientRegistered 0xc0000b2120  |  ReceivedMessages 0xc00008e540
INFO - App:  2024/01/27 13:27:21.420538 ReadPump closed connection 0xc0001666e0
INFO - App:  2024/01/27 13:27:21.424253 write message 
INFO - App:  2024/01/27 13:27:21.424298 WritePump is closing connection because the hub closed the channel 0xc000070480 
INFO - App:  2024/01/27 13:27:21.424305 WritePump is closing connection 0xc0001666e0 of client 'addr: 0xc00006e540 || User:'eee' || connection: 0xc0001666e0 || channels: clientRegistered 0xc000030600  |  ReceivedMessages 0xc000070480' because the hub closed the channel 0xc000070480 
INFO - App:  2024/01/27 13:27:25.597482 connection 0xc0002302c0 to '/joinGame' is upgraded to the WebSocket protocol
INFO - App:  2024/01/27 13:27:25.597579 New client in room 'id: 73422980-ef0a-4c02-81ec-5f428e1ff07b' is created: addr: 0xc000218100 || User:'fff' || connection: 0xc0002302c0 || channels: clientRegistered 0xc0002280c0  |  ReceivedMessages 0xc000214120
INFO - App:  2024/01/27 13:27:25.597711 write message {"type":"usersInRoom","payload":{"result":"success","data":[{"playerName":"fff","playerNumber":2},{"playerName":"tt","playerNumber":2}]}}
INFO - App:  2024/01/27 13:27:25.597788 Websocket: send message: '{"type":"usersInRoom","payload":{"result":"success","data":[{"playerName":"fff","playerNumber":2}......' to client addr: 0xc000218100 || User:'fff' || connection: 0xc0002302c0 || channels: clientRegistered 0xc0002280c0  |  ReceivedMessages 0xc000214120
INFO - App:  2024/01/27 13:27:25.597725 User 'fff' joined  room 'id: 73422980-ef0a-4c02-81ec-5f428e1ff07b' 
INFO - App:  2024/01/27 13:27:25.597762 write message {"type":"registerNewPlayer","payload":{"result":"success","data":{"playerName":"fff","playerNumber":2}}}
INFO - App:  2024/01/27 13:27:25.597991 Websocket: send message: '{"type":"registerNewPlayer","payload":{"result":"success","data":{"playerName":"fff","playerNumbe......' to client addr: 0xc0000c4100 || User:'tt' || connection: 0xc0000d22c0 || channels: clientRegistered 0xc0000b2120  |  ReceivedMessages 0xc00008e540
INFO - App:  2024/01/27 13:27:25.597816 Websocket: send message: '{"type":"registerNewPlayer","payload":{"result":"success","data":{"playerName":"fff","playerNumbe......' to client addr: 0xc000218100 || User:'fff' || connection: 0xc0002302c0 || channels: clientRegistered 0xc0002280c0  |  ReceivedMessages 0xc000214120
INFO - App:  2024/01/27 13:27:31.585880 Message received from js: { }
 
INFO - App:  2024/01/27 13:27:31.586192 write message {"type":"userQuitChat","payload":{"result":"success","data":{"playerName":"tt","playerNumber":2}}}
INFO - App:  2024/01/27 13:27:31.586218 Websocket: send message: '{"type":"userQuitChat","payload":{"result":"success","data":{"playerName":"tt","playerNumber":2}}}' to client addr: 0xc000218100 || User:'fff' || connection: 0xc0002302c0 || channels: clientRegistered 0xc0002280c0  |  ReceivedMessages 0xc000214120
INFO - App:  2024/01/27 13:27:31.586307 ReadPump closed connection 0xc0000d22c0
INFO - App:  2024/01/27 13:27:31.586318 write message 
INFO - App:  2024/01/27 13:27:31.586321 WritePump is closing connection because the hub closed the channel 0xc00008e540 
INFO - App:  2024/01/27 13:27:31.586325 WritePump is closing connection 0xc0000d22c0 of client 'addr: 0xc0000c4100 || User:'tt' || connection: 0xc0000d22c0 || channels: clientRegistered 0xc0000b2120  |  ReceivedMessages 0xc00008e540' because the hub closed the channel 0xc00008e540 
INFO - App:  2024/01/27 13:27:34.635250 connection 0xc0002306e0 to '/joinGame' is upgraded to the WebSocket protocol
INFO - App:  2024/01/27 13:27:34.635399 New client in room 'id: 73422980-ef0a-4c02-81ec-5f428e1ff07b' is created: addr: 0xc000218280 || User:'dfgdfg' || connection: 0xc0002306e0 || channels: clientRegistered 0xc0002282a0  |  ReceivedMessages 0xc000214240
INFO - App:  2024/01/27 13:27:34.635519 User 'dfgdfg' joined  room 'id: 73422980-ef0a-4c02-81ec-5f428e1ff07b' 
INFO - App:  2024/01/27 13:27:34.635524 write message {"type":"usersInRoom","payload":{"result":"success","data":[{"playerName":"dfgdfg","playerNumber":2},{"playerName":"fff","playerNumber":2}]}}
INFO - App:  2024/01/27 13:27:34.635538 write message {"type":"registerNewPlayer","payload":{"result":"success","data":{"playerName":"dfgdfg","playerNumber":2}}}
INFO - App:  2024/01/27 13:27:34.635557 Websocket: send message: '{"type":"registerNewPlayer","payload":{"result":"success","data":{"playerName":"dfgdfg","playerNu......' to client addr: 0xc000218100 || User:'fff' || connection: 0xc0002302c0 || channels: clientRegistered 0xc0002280c0  |  ReceivedMessages 0xc000214120
INFO - App:  2024/01/27 13:27:34.635549 Websocket: send message: '{"type":"usersInRoom","payload":{"result":"success","data":[{"playerName":"dfgdfg","playerNumber"......' to client addr: 0xc000218280 || User:'dfgdfg' || connection: 0xc0002306e0 || channels: clientRegistered 0xc0002282a0  |  ReceivedMessages 0xc000214240
INFO - App:  2024/01/27 13:27:34.635572 Websocket: send message: '{"type":"registerNewPlayer","payload":{"result":"success","data":{"playerName":"dfgdfg","playerNu......' to client addr: 0xc000218280 || User:'dfgdfg' || connection: 0xc0002306e0 || channels: clientRegistered 0xc0002282a0  |  ReceivedMessages 0xc000214240
INFO - App:  2024/01/27 13:28:54.450862 Message received from js: { }
 
INFO - App:  2024/01/27 13:28:54.451625 write message {"type":"userQuitChat","payload":{"result":"success","data":{"playerName":"dfgdfg","playerNumber":2}}}
INFO - App:  2024/01/27 13:28:54.451686 Websocket: send message: '{"type":"userQuitChat","payload":{"result":"success","data":{"playerName":"dfgdfg","playerNumber"......' to client addr: 0xc000218100 || User:'fff' || connection: 0xc0002302c0 || channels: clientRegistered 0xc0002280c0  |  ReceivedMessages 0xc000214120
INFO - App:  2024/01/27 13:28:54.451878 write message 
INFO - App:  2024/01/27 13:28:54.452164 ReadPump closed connection 0xc0002306e0
INFO - App:  2024/01/27 13:28:54.451920 WritePump is closing connection because the hub closed the channel 0xc000214240 
INFO - App:  2024/01/27 13:28:54.452448 WritePump is closing connection 0xc0002306e0 of client 'addr: 0xc000218280 || User:'dfgdfg' || connection: 0xc0002306e0 || channels: clientRegistered 0xc0002282a0  |  ReceivedMessages 0xc000214240' because the hub closed the channel 0xc000214240 
INFO - App:  2024/01/27 13:28:57.449101 connection 0xc0001c62c0 to '/joinGame' is upgraded to the WebSocket protocol
INFO - App:  2024/01/27 13:29:00.820176 connection 0xc0001c66e0 to '/joinGame' is upgraded to the WebSocket protocol
INFO - App:  2024/01/27 13:29:00.820941 New client in room 'id: 73422980-ef0a-4c02-81ec-5f428e1ff07b' is created: addr: 0xc0001b2240 || User:'fffd' || connection: 0xc0001c66e0 || channels: clientRegistered 0xc0001a6300  |  ReceivedMessages 0xc000188360
INFO - App:  2024/01/27 13:29:00.821229 User 'fffd' joined  room 'id: 73422980-ef0a-4c02-81ec-5f428e1ff07b' 
INFO - App:  2024/01/27 13:29:00.821272 write message {"type":"usersInRoom","payload":{"result":"success","data":[{"playerName":"fffd","playerNumber":2},{"playerName":"fff","playerNumber":2}]}}
INFO - App:  2024/01/27 13:29:00.821287 write message {"type":"registerNewPlayer","payload":{"result":"success","data":{"playerName":"fffd","playerNumber":2}}}
INFO - App:  2024/01/27 13:29:00.821300 Websocket: send message: '{"type":"registerNewPlayer","payload":{"result":"success","data":{"playerName":"fffd","playerNumb......' to client addr: 0xc000218100 || User:'fff' || connection: 0xc0002302c0 || channels: clientRegistered 0xc0002280c0  |  ReceivedMessages 0xc000214120
INFO - App:  2024/01/27 13:29:00.821298 Websocket: send message: '{"type":"usersInRoom","payload":{"result":"success","data":[{"playerName":"fffd","playerNumber":2......' to client addr: 0xc0001b2240 || User:'fffd' || connection: 0xc0001c66e0 || channels: clientRegistered 0xc0001a6300  |  ReceivedMessages 0xc000188360
INFO - App:  2024/01/27 13:29:00.821319 Websocket: send message: '{"type":"registerNewPlayer","payload":{"result":"success","data":{"playerName":"fffd","playerNumb......' to client addr: 0xc0001b2240 || User:'fffd' || connection: 0xc0001c66e0 || channels: clientRegistered 0xc0001a6300  |  ReceivedMessages 0xc000188360
INFO - App:  2024/01/27 13:29:12.015149 The chat Hub is running...
INFO - App:  2024/01/27 13:29:15.828352 WaitingRoom created, id: id: cb9f0687-8446-4960-8d2f-05cd2ac9fc87
INFO - App:  2024/01/27 13:29:15.828488 connection 0xc0001902c0 to '/joinGame' is upgraded to the WebSocket protocol
INFO - App:  2024/01/27 13:29:15.828525 New client in room 'id: cb9f0687-8446-4960-8d2f-05cd2ac9fc87' is created: addr: 0xc00013a340 || User:'dfdf' || connection: 0xc0001902c0 || channels: clientRegistered 0xc0001183c0  |  ReceivedMessages 0xc00011a360
INFO - App:  2024/01/27 13:29:15.828624 User 'dfdf' joined  room 'id: cb9f0687-8446-4960-8d2f-05cd2ac9fc87' 
INFO - App:  2024/01/27 13:29:15.828658 write message {"type":"usersInRoom","payload":{"result":"success","data":[{"playerName":"dfdf","playerNumber":1}]}}
INFO - App:  2024/01/27 13:29:15.828665 Websocket: send message: '{"type":"usersInRoom","payload":{"result":"success","data":[{"playerName":"dfdf","playerNumber":1......' to client addr: 0xc00013a340 || User:'dfdf' || connection: 0xc0001902c0 || channels: clientRegistered 0xc0001183c0  |  ReceivedMessages 0xc00011a360
INFO - App:  2024/01/27 13:29:15.828685 Websocket: send message: '{"type":"registerNewPlayer","payload":{"result":"success","data":{"playerName":"dfdf","playerNumb......' to client addr: 0xc00013a340 || User:'dfdf' || connection: 0xc0001902c0 || channels: clientRegistered 0xc0001183c0  |  ReceivedMessages 0xc00011a360
INFO - App:  2024/01/27 13:29:22.568990 connection 0xc00020c2c0 to '/joinGame' is upgraded to the WebSocket protocol
INFO - App:  2024/01/27 13:29:23.578267 connection 0xc0001906e0 to '/joinGame' is upgraded to the WebSocket protocol
INFO - App:  2024/01/27 13:29:24.309911 connection 0xc000190b00 to '/joinGame' is upgraded to the WebSocket protocol
INFO - App:  2024/01/27 13:29:24.310032 New client in room 'id: cb9f0687-8446-4960-8d2f-05cd2ac9fc87' is created: addr: 0xc00013a540 || User:'dfdfs' || connection: 0xc000190b00 || channels: clientRegistered 0xc000118660  |  ReceivedMessages 0xc00011a4e0
INFO - App:  2024/01/27 13:29:24.310331 User 'dfdfs' joined  room 'id: cb9f0687-8446-4960-8d2f-05cd2ac9fc87' 
INFO - App:  2024/01/27 13:29:24.310432 write message {"type":"registerNewPlayer","payload":{"result":"success","data":{"playerName":"dfdfs","playerNumber":2}}}
INFO - App:  2024/01/27 13:29:24.310443 Websocket: send message: '{"type":"registerNewPlayer","payload":{"result":"success","data":{"playerName":"dfdfs","playerNum......' to client addr: 0xc00013a340 || User:'dfdf' || connection: 0xc0001902c0 || channels: clientRegistered 0xc0001183c0  |  ReceivedMessages 0xc00011a360
INFO - App:  2024/01/27 13:29:24.310554 write message {"type":"usersInRoom","payload":{"result":"success","data":[{"playerName":"dfdfs","playerNumber":2},{"playerName":"dfdf","playerNumber":1}]}}
INFO - App:  2024/01/27 13:29:24.310579 Websocket: send message: '{"type":"usersInRoom","payload":{"result":"success","data":[{"playerName":"dfdfs","playerNumber":......' to client addr: 0xc00013a540 || User:'dfdfs' || connection: 0xc000190b00 || channels: clientRegistered 0xc000118660  |  ReceivedMessages 0xc00011a4e0
INFO - App:  2024/01/27 13:29:24.310613 Websocket: send message: '{"type":"registerNewPlayer","payload":{"result":"success","data":{"playerName":"dfdfs","playerNum......' to client addr: 0xc00013a540 || User:'dfdfs' || connection: 0xc000190b00 || channels: clientRegistered 0xc000118660  |  ReceivedMessages 0xc00011a4e0
INFO - App:  2024/01/27 13:29:36.322851 connection 0xc00020c6e0 to '/joinGame' is upgraded to the WebSocket protocol
INFO - App:  2024/01/27 13:29:36.322968 New client in room 'id: cb9f0687-8446-4960-8d2f-05cd2ac9fc87' is created: addr: 0xc00006e300 || User:'ww' || connection: 0xc00020c6e0 || channels: clientRegistered 0xc0000302a0  |  ReceivedMessages 0xc000070360
INFO - App:  2024/01/27 13:29:36.323195 User 'ww' joined  room 'id: cb9f0687-8446-4960-8d2f-05cd2ac9fc87' 
INFO - App:  2024/01/27 13:29:36.323247 write message {"type":"registerNewPlayer","payload":{"result":"success","data":{"playerName":"ww","playerNumber":3}}}
INFO - App:  2024/01/27 13:29:36.323264 Websocket: send message: '{"type":"registerNewPlayer","payload":{"result":"success","data":{"playerName":"ww","playerNumber......' to client addr: 0xc00013a340 || User:'dfdf' || connection: 0xc0001902c0 || channels: clientRegistered 0xc0001183c0  |  ReceivedMessages 0xc00011a360
INFO - App:  2024/01/27 13:29:36.323292 write message {"type":"usersInRoom","payload":{"result":"success","data":[{"playerName":"dfdfs","playerNumber":2},{"playerName":"ww","playerNumber":3},{"playerName":"dfdf","playerNumber":1}]}}
INFO - App:  2024/01/27 13:29:36.323327 write message {"type":"registerNewPlayer","payload":{"result":"success","data":{"playerName":"ww","playerNumber":3}}}
INFO - App:  2024/01/27 13:29:36.323343 Websocket: send message: '{"type":"registerNewPlayer","payload":{"result":"success","data":{"playerName":"ww","playerNumber......' to client addr: 0xc00013a540 || User:'dfdfs' || connection: 0xc000190b00 || channels: clientRegistered 0xc000118660  |  ReceivedMessages 0xc00011a4e0
INFO - App:  2024/01/27 13:29:36.323338 Websocket: send message: '{"type":"usersInRoom","payload":{"result":"success","data":[{"playerName":"dfdfs","playerNumber":......' to client addr: 0xc00006e300 || User:'ww' || connection: 0xc00020c6e0 || channels: clientRegistered 0xc0000302a0  |  ReceivedMessages 0xc000070360
INFO - App:  2024/01/27 13:29:36.323791 Websocket: send message: '{"type":"registerNewPlayer","payload":{"result":"success","data":{"playerName":"ww","playerNumber......' to client addr: 0xc00006e300 || User:'ww' || connection: 0xc00020c6e0 || channels: clientRegistered 0xc0000302a0  |  ReceivedMessages 0xc000070360
INFO - App:  2024/01/27 13:29:42.830779 Message received from js: { }
 
INFO - App:  2024/01/27 13:29:42.831010 write message {"type":"userQuitChat","payload":{"result":"success","data":{"playerName":"ww","playerNumber":3}}}
INFO - App:  2024/01/27 13:29:42.831026 Websocket: send message: '{"type":"userQuitChat","payload":{"result":"success","data":{"playerName":"ww","playerNumber":3}}}' to client addr: 0xc00013a540 || User:'dfdfs' || connection: 0xc000190b00 || channels: clientRegistered 0xc000118660  |  ReceivedMessages 0xc00011a4e0
INFO - App:  2024/01/27 13:29:42.831079 ReadPump closed connection 0xc00020c6e0
INFO - App:  2024/01/27 13:29:42.831087 write message 
INFO - App:  2024/01/27 13:29:42.831090 WritePump is closing connection because the hub closed the channel 0xc000070360 
INFO - App:  2024/01/27 13:29:42.831093 WritePump is closing connection 0xc00020c6e0 of client 'addr: 0xc00006e300 || User:'ww' || connection: 0xc00020c6e0 || channels: clientRegistered 0xc0000302a0  |  ReceivedMessages 0xc000070360' because the hub closed the channel 0xc000070360 
INFO - App:  2024/01/27 13:29:42.831122 write message {"type":"userQuitChat","payload":{"result":"success","data":{"playerName":"ww","playerNumber":3}}}
INFO - App:  2024/01/27 13:29:42.831127 Websocket: send message: '{"type":"userQuitChat","payload":{"result":"success","data":{"playerName":"ww","playerNumber":3}}}' to client addr: 0xc00013a340 || User:'dfdf' || connection: 0xc0001902c0 || channels: clientRegistered 0xc0001183c0  |  ReceivedMessages 0xc00011a360
INFO - App:  2024/01/27 13:29:44.932202 connection 0xc00020cb00 to '/joinGame' is upgraded to the WebSocket protocol
INFO - App:  2024/01/27 13:29:44.932376 New client in room 'id: cb9f0687-8446-4960-8d2f-05cd2ac9fc87' is created: addr: 0xc00006e440 || User:'ass' || connection: 0xc00020cb00 || channels: clientRegistered 0xc000030480  |  ReceivedMessages 0xc000070480
INFO - App:  2024/01/27 13:29:44.932682 User 'ass' joined  room 'id: cb9f0687-8446-4960-8d2f-05cd2ac9fc87' 
INFO - App:  2024/01/27 13:29:44.932699 write message {"type":"registerNewPlayer","payload":{"result":"success","data":{"playerName":"ass","playerNumber":3}}}
INFO - App:  2024/01/27 13:29:44.932715 Websocket: send message: '{"type":"registerNewPlayer","payload":{"result":"success","data":{"playerName":"ass","playerNumbe......' to client addr: 0xc00013a340 || User:'dfdf' || connection: 0xc0001902c0 || channels: clientRegistered 0xc0001183c0  |  ReceivedMessages 0xc00011a360
INFO - App:  2024/01/27 13:29:44.932692 write message {"type":"usersInRoom","payload":{"result":"success","data":[{"playerName":"dfdf","playerNumber":1},{"playerName":"dfdfs","playerNumber":2},{"playerName":"ass","playerNumber":3}]}}
INFO - App:  2024/01/27 13:29:44.932770 Websocket: send message: '{"type":"usersInRoom","payload":{"result":"success","data":[{"playerName":"dfdf","playerNumber":1......' to client addr: 0xc00006e440 || User:'ass' || connection: 0xc00020cb00 || channels: clientRegistered 0xc000030480  |  ReceivedMessages 0xc000070480
INFO - App:  2024/01/27 13:29:44.932821 Websocket: send message: '{"type":"registerNewPlayer","payload":{"result":"success","data":{"playerName":"ass","playerNumbe......' to client addr: 0xc00006e440 || User:'ass' || connection: 0xc00020cb00 || channels: clientRegistered 0xc000030480  |  ReceivedMessages 0xc000070480
INFO - App:  2024/01/27 13:29:44.932705 write message {"type":"registerNewPlayer","payload":{"result":"success","data":{"playerName":"ass","playerNumber":3}}}
INFO - App:  2024/01/27 13:29:44.932842 Websocket: send message: '{"type":"registerNewPlayer","payload":{"result":"success","data":{"playerName":"ass","playerNumbe......' to client addr: 0xc00013a540 || User:'dfdfs' || connection: 0xc000190b00 || channels: clientRegistered 0xc000118660  |  ReceivedMessages 0xc00011a4e0
INFO - App:  2024/01/27 13:29:49.018293 Message received from js: { }
 
INFO - App:  2024/01/27 13:29:49.031439 write message {"type":"userQuitChat","payload":{"result":"success","data":{"playerName":"dfdf","playerNumber":1}}}
INFO - App:  2024/01/27 13:29:49.031509 Websocket: send message: '{"type":"userQuitChat","payload":{"result":"success","data":{"playerName":"dfdf","playerNumber":1}}}' to client addr: 0xc00006e440 || User:'ass' || connection: 0xc00020cb00 || channels: clientRegistered 0xc000030480  |  ReceivedMessages 0xc000070480
INFO - App:  2024/01/27 13:29:49.031598 ReadPump closed connection 0xc0001902c0
INFO - App:  2024/01/27 13:29:49.031616 write message 
INFO - App:  2024/01/27 13:29:49.031627 WritePump is closing connection because the hub closed the channel 0xc00011a360 
INFO - App:  2024/01/27 13:29:49.031631 WritePump is closing connection 0xc0001902c0 of client 'addr: 0xc00013a340 || User:'dfdf' || connection: 0xc0001902c0 || channels: clientRegistered 0xc0001183c0  |  ReceivedMessages 0xc00011a360' because the hub closed the channel 0xc00011a360 
INFO - App:  2024/01/27 13:29:49.031605 write message {"type":"userQuitChat","payload":{"result":"success","data":{"playerName":"dfdf","playerNumber":1}}}
INFO - App:  2024/01/27 13:29:49.031748 Websocket: send message: '{"type":"userQuitChat","payload":{"result":"success","data":{"playerName":"dfdf","playerNumber":1}}}' to client addr: 0xc00013a540 || User:'dfdfs' || connection: 0xc000190b00 || channels: clientRegistered 0xc000118660  |  ReceivedMessages 0xc00011a4e0
INFO - App:  2024/01/27 13:29:51.576158 connection 0xc0000d82c0 to '/joinGame' is upgraded to the WebSocket protocol
INFO - App:  2024/01/27 13:29:51.576460 New client in room 'id: cb9f0687-8446-4960-8d2f-05cd2ac9fc87' is created: addr: 0xc0000c21c0 || User:'ww' || connection: 0xc0000d82c0 || channels: clientRegistered 0xc0000b61e0  |  ReceivedMessages 0xc000096600
INFO - App:  2024/01/27 13:29:51.576656 User 'ww' joined  room 'id: cb9f0687-8446-4960-8d2f-05cd2ac9fc87' 
INFO - App:  2024/01/27 13:29:51.576688 write message {"type":"registerNewPlayer","payload":{"result":"success","data":{"playerName":"ww","playerNumber":3}}}
INFO - App:  2024/01/27 13:29:51.576701 Websocket: send message: '{"type":"registerNewPlayer","payload":{"result":"success","data":{"playerName":"ww","playerNumber......' to client addr: 0xc00013a540 || User:'dfdfs' || connection: 0xc000190b00 || channels: clientRegistered 0xc000118660  |  ReceivedMessages 0xc00011a4e0
INFO - App:  2024/01/27 13:29:51.576764 write message {"type":"registerNewPlayer","payload":{"result":"success","data":{"playerName":"ww","playerNumber":3}}}
INFO - App:  2024/01/27 13:29:51.576775 Websocket: send message: '{"type":"registerNewPlayer","payload":{"result":"success","data":{"playerName":"ww","playerNumber......' to client addr: 0xc00006e440 || User:'ass' || connection: 0xc00020cb00 || channels: clientRegistered 0xc000030480  |  ReceivedMessages 0xc000070480
INFO - App:  2024/01/27 13:29:51.576779 write message {"type":"usersInRoom","payload":{"result":"success","data":[{"playerName":"ww","playerNumber":3},{"playerName":"dfdfs","playerNumber":2},{"playerName":"ass","playerNumber":3}]}}
INFO - App:  2024/01/27 13:29:51.576835 Websocket: send message: '{"type":"usersInRoom","payload":{"result":"success","data":[{"playerName":"ww","playerNumber":3},......' to client addr: 0xc0000c21c0 || User:'ww' || connection: 0xc0000d82c0 || channels: clientRegistered 0xc0000b61e0  |  ReceivedMessages 0xc000096600
INFO - App:  2024/01/27 13:29:51.576893 Websocket: send message: '{"type":"registerNewPlayer","payload":{"result":"success","data":{"playerName":"ww","playerNumber......' to client addr: 0xc0000c21c0 || User:'ww' || connection: 0xc0000d82c0 || channels: clientRegistered 0xc0000b61e0  |  ReceivedMessages 0xc000096600
INFO - App:  2024/01/27 13:30:09.906791 Message received from js: { }
 
INFO - App:  2024/01/27 13:30:09.907416 ReadPump closed connection 0xc0000d82c0
INFO - App:  2024/01/27 13:30:09.907439 write message {"type":"userQuitChat","payload":{"result":"success","data":{"playerName":"ww","playerNumber":3}}}
INFO - App:  2024/01/27 13:30:09.907452 write message {"type":"userQuitChat","payload":{"result":"success","data":{"playerName":"ww","playerNumber":3}}}
INFO - App:  2024/01/27 13:30:09.907459 Websocket: send message: '{"type":"userQuitChat","payload":{"result":"success","data":{"playerName":"ww","playerNumber":3}}}' to client addr: 0xc00013a540 || User:'dfdfs' || connection: 0xc000190b00 || channels: clientRegistered 0xc000118660  |  ReceivedMessages 0xc00011a4e0
INFO - App:  2024/01/27 13:30:09.907473 Websocket: send message: '{"type":"userQuitChat","payload":{"result":"success","data":{"playerName":"ww","playerNumber":3}}}' to client addr: 0xc00006e440 || User:'ass' || connection: 0xc00020cb00 || channels: clientRegistered 0xc000030480  |  ReceivedMessages 0xc000070480
INFO - App:  2024/01/27 13:30:09.907449 write message 
INFO - App:  2024/01/27 13:30:09.907524 WritePump is closing connection because the hub closed the channel 0xc000096600 
INFO - App:  2024/01/27 13:30:09.907529 WritePump is closing connection 0xc0000d82c0 of client 'addr: 0xc0000c21c0 || User:'ww' || connection: 0xc0000d82c0 || channels: clientRegistered 0xc0000b61e0  |  ReceivedMessages 0xc000096600' because the hub closed the channel 0xc000096600 
INFO - App:  2024/01/27 13:30:14.045274 connection 0xc0000d86e0 to '/joinGame' is upgraded to the WebSocket protocol
INFO - App:  2024/01/27 13:30:14.045352 New client in room 'id: cb9f0687-8446-4960-8d2f-05cd2ac9fc87' is created: addr: 0xc0000c22c0 || User:'ds' || connection: 0xc0000d86e0 || channels: clientRegistered 0xc0000b6360  |  ReceivedMessages 0xc000096720
INFO - App:  2024/01/27 13:30:14.045472 User 'ds' joined  room 'id: cb9f0687-8446-4960-8d2f-05cd2ac9fc87' 
INFO - App:  2024/01/27 13:30:14.045487 write message {"type":"registerNewPlayer","payload":{"result":"success","data":{"playerName":"ds","playerNumber":3}}}
INFO - App:  2024/01/27 13:30:14.045492 Websocket: send message: '{"type":"registerNewPlayer","payload":{"result":"success","data":{"playerName":"ds","playerNumber......' to client addr: 0xc00013a540 || User:'dfdfs' || connection: 0xc000190b00 || channels: clientRegistered 0xc000118660  |  ReceivedMessages 0xc00011a4e0
INFO - App:  2024/01/27 13:30:14.045516 write message {"type":"registerNewPlayer","payload":{"result":"success","data":{"playerName":"ds","playerNumber":3}}}
INFO - App:  2024/01/27 13:30:14.045521 Websocket: send message: '{"type":"registerNewPlayer","payload":{"result":"success","data":{"playerName":"ds","playerNumber......' to client addr: 0xc00006e440 || User:'ass' || connection: 0xc00020cb00 || channels: clientRegistered 0xc000030480  |  ReceivedMessages 0xc000070480
INFO - App:  2024/01/27 13:30:14.045539 write message {"type":"usersInRoom","payload":{"result":"success","data":[{"playerName":"ds","playerNumber":3},{"playerName":"dfdfs","playerNumber":2},{"playerName":"ass","playerNumber":3}]}}
INFO - App:  2024/01/27 13:30:14.045548 Websocket: send message: '{"type":"usersInRoom","payload":{"result":"success","data":[{"playerName":"ds","playerNumber":3},......' to client addr: 0xc0000c22c0 || User:'ds' || connection: 0xc0000d86e0 || channels: clientRegistered 0xc0000b6360  |  ReceivedMessages 0xc000096720
INFO - App:  2024/01/27 13:30:14.045562 Websocket: send message: '{"type":"registerNewPlayer","payload":{"result":"success","data":{"playerName":"ds","playerNumber......' to client addr: 0xc0000c22c0 || User:'ds' || connection: 0xc0000d86e0 || channels: clientRegistered 0xc0000b6360  |  ReceivedMessages 0xc000096720
INFO - App:  2024/01/27 13:30:45.098659 connection 0xc000190f20 to '/joinGame' is upgraded to the WebSocket protocol
INFO - App:  2024/01/27 13:30:45.098831 New client in room '<nil>' is created: addr: 0xc00013a640 || User:'dee' || connection: 0xc000190f20 || channels: clientRegistered 0xc0001187e0  |  ReceivedMessages 0xc00011a600
INFO - App:  2024/01/27 13:30:45.100210 User 'dee' joined  room 'id: cb9f0687-8446-4960-8d2f-05cd2ac9fc87' 
INFO - App:  2024/01/27 13:30:45.100245 write message {"type":"registerNewPlayer","payload":{"result":"success","data":{"playerName":"dee","playerNumber":4}}}
INFO - App:  2024/01/27 13:30:45.100299 Websocket: send message: '{"type":"registerNewPlayer","payload":{"result":"success","data":{"playerName":"dee","playerNumbe......' to client addr: 0xc0000c22c0 || User:'ds' || connection: 0xc0000d86e0 || channels: clientRegistered 0xc0000b6360  |  ReceivedMessages 0xc000096720
INFO - App:  2024/01/27 13:30:45.100227 write message {"type":"usersInRoom","payload":{"result":"success","data":[{"playerName":"ds","playerNumber":3},{"playerName":"dfdfs","playerNumber":2},{"playerName":"ass","playerNumber":3},{"playerName":"dee","playerNumber":4}]}}
INFO - App:  2024/01/27 13:30:45.100329 Websocket: send message: '{"type":"usersInRoom","payload":{"result":"success","data":[{"playerName":"ds","playerNumber":3},......' to client addr: 0xc00013a640 || User:'dee' || connection: 0xc000190f20 || channels: clientRegistered 0xc0001187e0  |  ReceivedMessages 0xc00011a600
INFO - App:  2024/01/27 13:30:45.100360 Websocket: send message: '{"type":"registerNewPlayer","payload":{"result":"success","data":{"playerName":"dee","playerNumbe......' to client addr: 0xc00013a640 || User:'dee' || connection: 0xc000190f20 || channels: clientRegistered 0xc0001187e0  |  ReceivedMessages 0xc00011a600
INFO - App:  2024/01/27 13:30:45.100245 write message {"type":"registerNewPlayer","payload":{"result":"success","data":{"playerName":"dee","playerNumber":4}}}
INFO - App:  2024/01/27 13:30:45.100417 Websocket: send message: '{"type":"registerNewPlayer","payload":{"result":"success","data":{"playerName":"dee","playerNumbe......' to client addr: 0xc00013a540 || User:'dfdfs' || connection: 0xc000190b00 || channels: clientRegistered 0xc000118660  |  ReceivedMessages 0xc00011a4e0
INFO - App:  2024/01/27 13:30:45.100257 write message {"type":"registerNewPlayer","payload":{"result":"success","data":{"playerName":"dee","playerNumber":4}}}
INFO - App:  2024/01/27 13:30:45.100440 Websocket: send message: '{"type":"registerNewPlayer","payload":{"result":"success","data":{"playerName":"dee","playerNumbe......' to client addr: 0xc00006e440 || User:'ass' || connection: 0xc00020cb00 || channels: clientRegistered 0xc000030480  |  ReceivedMessages 0xc000070480
INFO - App:  2024/01/27 13:30:52.497136 Message received from js: { }
 
INFO - App:  2024/01/27 13:30:52.521531 ReadPump closed connection 0xc0000d86e0
INFO - App:  2024/01/27 13:30:52.521591 write message 
INFO - App:  2024/01/27 13:30:52.521601 WritePump is closing connection because the hub closed the channel 0xc000096720 
INFO - App:  2024/01/27 13:30:52.521604 WritePump is closing connection 0xc0000d86e0 of client 'addr: 0xc0000c22c0 || User:'ds' || connection: 0xc0000d86e0 || channels: clientRegistered 0xc0000b6360  |  ReceivedMessages 0xc000096720' because the hub closed the channel 0xc000096720 
INFO - App:  2024/01/27 13:30:52.521930 write message {"type":"userQuitChat","payload":{"result":"success","data":{"playerName":"ds","playerNumber":3}}}
INFO - App:  2024/01/27 13:30:52.521954 Websocket: send message: '{"type":"userQuitChat","payload":{"result":"success","data":{"playerName":"ds","playerNumber":3}}}' to client addr: 0xc00013a540 || User:'dfdfs' || connection: 0xc000190b00 || channels: clientRegistered 0xc000118660  |  ReceivedMessages 0xc00011a4e0
INFO - App:  2024/01/27 13:30:52.522016 write message {"type":"userQuitChat","payload":{"result":"success","data":{"playerName":"ds","playerNumber":3}}}
INFO - App:  2024/01/27 13:30:52.522024 Websocket: send message: '{"type":"userQuitChat","payload":{"result":"success","data":{"playerName":"ds","playerNumber":3}}}' to client addr: 0xc00006e440 || User:'ass' || connection: 0xc00020cb00 || channels: clientRegistered 0xc000030480  |  ReceivedMessages 0xc000070480
INFO - App:  2024/01/27 13:30:52.522041 write message {"type":"userQuitChat","payload":{"result":"success","data":{"playerName":"ds","playerNumber":3}}}
INFO - App:  2024/01/27 13:30:52.522044 Websocket: send message: '{"type":"userQuitChat","payload":{"result":"success","data":{"playerName":"ds","playerNumber":3}}}' to client addr: 0xc00013a640 || User:'dee' || connection: 0xc000190f20 || channels: clientRegistered 0xc0001187e0  |  ReceivedMessages 0xc00011a600
INFO - App:  2024/01/27 13:30:55.128761 WaitingRoom created, id: id: 899ec4d9-3946-4241-b5fd-1b6a9a9b6dab
INFO - App:  2024/01/27 13:30:55.128898 connection 0xc00020cf20 to '/joinGame' is upgraded to the WebSocket protocol
INFO - App:  2024/01/27 13:30:55.128937 New client in room 'id: 899ec4d9-3946-4241-b5fd-1b6a9a9b6dab' is created: addr: 0xc00006e540 || User:'err' || connection: 0xc00020cf20 || channels: clientRegistered 0xc000030660  |  ReceivedMessages 0xc0000705a0
INFO - App:  2024/01/27 13:30:55.129018 User 'err' joined  room 'id: 899ec4d9-3946-4241-b5fd-1b6a9a9b6dab' 
INFO - App:  2024/01/27 13:30:55.129051 write message {"type":"usersInRoom","payload":{"result":"success","data":[{"playerName":"err","playerNumber":1}]}}
INFO - App:  2024/01/27 13:30:55.129069 Websocket: send message: '{"type":"usersInRoom","payload":{"result":"success","data":[{"playerName":"err","playerNumber":1}]}}' to client addr: 0xc00006e540 || User:'err' || connection: 0xc00020cf20 || channels: clientRegistered 0xc000030660  |  ReceivedMessages 0xc0000705a0
INFO - App:  2024/01/27 13:30:55.129092 Websocket: send message: '{"type":"registerNewPlayer","payload":{"result":"success","data":{"playerName":"err","playerNumbe......' to client addr: 0xc00006e540 || User:'err' || connection: 0xc00020cf20 || channels: clientRegistered 0xc000030660  |  ReceivedMessages 0xc0000705a0
INFO - App:  2024/01/27 13:31:01.128658 Message received from js: { }
 
INFO - App:  2024/01/27 13:31:01.147877 write message {"type":"userQuitChat","payload":{"result":"success","data":{"playerName":"dfdfs","playerNumber":2}}}
INFO - App:  2024/01/27 13:31:01.149108 Websocket: send message: '{"type":"userQuitChat","payload":{"result":"success","data":{"playerName":"dfdfs","playerNumber":......' to client addr: 0xc00013a640 || User:'dee' || connection: 0xc000190f20 || channels: clientRegistered 0xc0001187e0  |  ReceivedMessages 0xc00011a600
INFO - App:  2024/01/27 13:31:01.148062 write message {"type":"userQuitChat","payload":{"result":"success","data":{"playerName":"dfdfs","playerNumber":2}}}
INFO - App:  2024/01/27 13:31:01.149226 Websocket: send message: '{"type":"userQuitChat","payload":{"result":"success","data":{"playerName":"dfdfs","playerNumber":......' to client addr: 0xc00006e440 || User:'ass' || connection: 0xc00020cb00 || channels: clientRegistered 0xc000030480  |  ReceivedMessages 0xc000070480
INFO - App:  2024/01/27 13:31:01.148077 write message 
INFO - App:  2024/01/27 13:31:01.149297 WritePump is closing connection because the hub closed the channel 0xc00011a4e0 
INFO - App:  2024/01/27 13:31:01.149304 WritePump is closing connection 0xc000190b00 of client 'addr: 0xc00013a540 || User:'dfdfs' || connection: 0xc000190b00 || channels: clientRegistered 0xc000118660  |  ReceivedMessages 0xc00011a4e0' because the hub closed the channel 0xc00011a4e0 
INFO - App:  2024/01/27 13:31:01.156442 ReadPump closed connection 0xc000190b00
INFO - App:  2024/01/27 13:31:03.852137 connection 0xc0002cc2c0 to '/joinGame' is upgraded to the WebSocket protocol
INFO - App:  2024/01/27 13:31:03.852205 New client in room 'id: 899ec4d9-3946-4241-b5fd-1b6a9a9b6dab' is created: addr: 0xc0002b01c0 || User:'wsw' || connection: 0xc0002cc2c0 || channels: clientRegistered 0xc0002b8180  |  ReceivedMessages 0xc000280660
INFO - App:  2024/01/27 13:31:03.852641 write message {"type":"usersInRoom","payload":{"result":"success","data":[{"playerName":"err","playerNumber":1},{"playerName":"wsw","playerNumber":2}]}}
INFO - App:  2024/01/27 13:31:03.852720 Websocket: send message: '{"type":"usersInRoom","payload":{"result":"success","data":[{"playerName":"err","playerNumber":1}......' to client addr: 0xc0002b01c0 || User:'wsw' || connection: 0xc0002cc2c0 || channels: clientRegistered 0xc0002b8180  |  ReceivedMessages 0xc000280660
INFO - App:  2024/01/27 13:31:03.852752 Websocket: send message: '{"type":"registerNewPlayer","payload":{"result":"success","data":{"playerName":"wsw","playerNumbe......' to client addr: 0xc0002b01c0 || User:'wsw' || connection: 0xc0002cc2c0 || channels: clientRegistered 0xc0002b8180  |  ReceivedMessages 0xc000280660
INFO - App:  2024/01/27 13:31:03.852619 User 'wsw' joined  room 'id: 899ec4d9-3946-4241-b5fd-1b6a9a9b6dab' 
INFO - App:  2024/01/27 13:31:03.852667 write message {"type":"registerNewPlayer","payload":{"result":"success","data":{"playerName":"wsw","playerNumber":2}}}
INFO - App:  2024/01/27 13:31:03.852854 Websocket: send message: '{"type":"registerNewPlayer","payload":{"result":"success","data":{"playerName":"wsw","playerNumbe......' to client addr: 0xc00006e540 || User:'err' || connection: 0xc00020cf20 || channels: clientRegistered 0xc000030660  |  ReceivedMessages 0xc0000705a0
INFO - App:  2024/01/27 13:31:08.331372 Message received from js: { }
 
INFO - App:  2024/01/27 13:31:08.331515 write message {"type":"userQuitChat","payload":{"result":"success","data":{"playerName":"ass","playerNumber":3}}}
INFO - App:  2024/01/27 13:31:08.331528 Websocket: send message: '{"type":"userQuitChat","payload":{"result":"success","data":{"playerName":"ass","playerNumber":3}}}' to client addr: 0xc00013a640 || User:'dee' || connection: 0xc000190f20 || channels: clientRegistered 0xc0001187e0  |  ReceivedMessages 0xc00011a600
INFO - App:  2024/01/27 13:31:08.331579 ReadPump closed connection 0xc00020cb00
INFO - App:  2024/01/27 13:31:08.331592 write message 
INFO - App:  2024/01/27 13:31:08.331597 WritePump is closing connection because the hub closed the channel 0xc000070480 
INFO - App:  2024/01/27 13:31:08.331600 WritePump is closing connection 0xc00020cb00 of client 'addr: 0xc00006e440 || User:'ass' || connection: 0xc00020cb00 || channels: clientRegistered 0xc000030480  |  ReceivedMessages 0xc000070480' because the hub closed the channel 0xc000070480 
INFO - App:  2024/01/27 13:31:11.287671 connection 0xc00020d340 to '/joinGame' is upgraded to the WebSocket protocol
INFO - App:  2024/01/27 13:31:11.287786 New client in room 'id: 899ec4d9-3946-4241-b5fd-1b6a9a9b6dab' is created: addr: 0xc00006e640 || User:'ewe' || connection: 0xc00020d340 || channels: clientRegistered 0xc0000307e0  |  ReceivedMessages 0xc000070780
INFO - App:  2024/01/27 13:31:11.287858 User 'ewe' joined  room 'id: 899ec4d9-3946-4241-b5fd-1b6a9a9b6dab' 
INFO - App:  2024/01/27 13:31:11.287884 write message {"type":"usersInRoom","payload":{"result":"success","data":[{"playerName":"err","playerNumber":1},{"playerName":"wsw","playerNumber":2},{"playerName":"ewe","playerNumber":3}]}}
INFO - App:  2024/01/27 13:31:11.287898 Websocket: send message: '{"type":"usersInRoom","payload":{"result":"success","data":[{"playerName":"err","playerNumber":1}......' to client addr: 0xc00006e640 || User:'ewe' || connection: 0xc00020d340 || channels: clientRegistered 0xc0000307e0  |  ReceivedMessages 0xc000070780
INFO - App:  2024/01/27 13:31:11.287917 Websocket: send message: '{"type":"registerNewPlayer","payload":{"result":"success","data":{"playerName":"ewe","playerNumbe......' to client addr: 0xc00006e640 || User:'ewe' || connection: 0xc00020d340 || channels: clientRegistered 0xc0000307e0  |  ReceivedMessages 0xc000070780
INFO - App:  2024/01/27 13:31:11.287964 write message {"type":"registerNewPlayer","payload":{"result":"success","data":{"playerName":"ewe","playerNumber":3}}}
INFO - App:  2024/01/27 13:31:11.287973 Websocket: send message: '{"type":"registerNewPlayer","payload":{"result":"success","data":{"playerName":"ewe","playerNumbe......' to client addr: 0xc00006e540 || User:'err' || connection: 0xc00020cf20 || channels: clientRegistered 0xc000030660  |  ReceivedMessages 0xc0000705a0
INFO - App:  2024/01/27 13:31:11.287995 write message {"type":"registerNewPlayer","payload":{"result":"success","data":{"playerName":"ewe","playerNumber":3}}}
INFO - App:  2024/01/27 13:31:11.288019 Websocket: send message: '{"type":"registerNewPlayer","payload":{"result":"success","data":{"playerName":"ewe","playerNumbe......' to client addr: 0xc0002b01c0 || User:'wsw' || connection: 0xc0002cc2c0 || channels: clientRegistered 0xc0002b8180  |  ReceivedMessages 0xc000280660
INFO - App:  2024/01/27 13:31:14.858848 Message received from js: { }
 
INFO - App:  2024/01/27 13:31:14.869605 write message 
INFO - App:  2024/01/27 13:31:14.869640 WritePump is closing connection because the hub closed the channel 0xc00011a600 
INFO - App:  2024/01/27 13:31:14.869645 WritePump is closing connection 0xc000190f20 of client 'addr: 0xc00013a640 || User:'dee' || connection: 0xc000190f20 || channels: clientRegistered 0xc0001187e0  |  ReceivedMessages 0xc00011a600' because the hub closed the channel 0xc00011a600 
INFO - App:  2024/01/27 13:31:14.869626 ReadPump closed connection 0xc000190f20
INFO - App:  2024/01/27 13:31:19.748757 connection 0xc00020d8c0 to '/joinGame' is upgraded to the WebSocket protocol
INFO - App:  2024/01/27 13:31:19.748826 New client in room '<nil>' is created: addr: 0xc00006e740 || User:'weeee' || connection: 0xc00020d8c0 || channels: clientRegistered 0xc000030960  |  ReceivedMessages 0xc0000708a0
INFO - App:  2024/01/27 13:31:19.748997 User 'weeee' joined  room 'id: 899ec4d9-3946-4241-b5fd-1b6a9a9b6dab' 
INFO - App:  2024/01/27 13:31:19.749023 write message {"type":"usersInRoom","payload":{"result":"success","data":[{"playerName":"err","playerNumber":1},{"playerName":"wsw","playerNumber":2},{"playerName":"ewe","playerNumber":3},{"playerName":"weeee","playerNumber":4}]}}
INFO - App:  2024/01/27 13:31:19.749035 Websocket: send message: '{"type":"usersInRoom","payload":{"result":"success","data":[{"playerName":"err","playerNumber":1}......' to client addr: 0xc00006e740 || User:'weeee' || connection: 0xc00020d8c0 || channels: clientRegistered 0xc000030960  |  ReceivedMessages 0xc0000708a0
INFO - App:  2024/01/27 13:31:19.749051 Websocket: send message: '{"type":"registerNewPlayer","payload":{"result":"success","data":{"playerName":"weeee","playerNum......' to client addr: 0xc00006e740 || User:'weeee' || connection: 0xc00020d8c0 || channels: clientRegistered 0xc000030960  |  ReceivedMessages 0xc0000708a0
INFO - App:  2024/01/27 13:31:19.749084 write message {"type":"registerNewPlayer","payload":{"result":"success","data":{"playerName":"weeee","playerNumber":4}}}
INFO - App:  2024/01/27 13:31:19.749088 Websocket: send message: '{"type":"registerNewPlayer","payload":{"result":"success","data":{"playerName":"weeee","playerNum......' to client addr: 0xc0002b01c0 || User:'wsw' || connection: 0xc0002cc2c0 || channels: clientRegistered 0xc0002b8180  |  ReceivedMessages 0xc000280660
INFO - App:  2024/01/27 13:31:19.749098 write message {"type":"registerNewPlayer","payload":{"result":"success","data":{"playerName":"weeee","playerNumber":4}}}
INFO - App:  2024/01/27 13:31:19.749101 Websocket: send message: '{"type":"registerNewPlayer","payload":{"result":"success","data":{"playerName":"weeee","playerNum......' to client addr: 0xc00006e640 || User:'ewe' || connection: 0xc00020d340 || channels: clientRegistered 0xc0000307e0  |  ReceivedMessages 0xc000070780
INFO - App:  2024/01/27 13:31:19.749110 write message {"type":"registerNewPlayer","payload":{"result":"success","data":{"playerName":"weeee","playerNumber":4}}}
INFO - App:  2024/01/27 13:31:19.749113 Websocket: send message: '{"type":"registerNewPlayer","payload":{"result":"success","data":{"playerName":"weeee","playerNum......' to client addr: 0xc00006e540 || User:'err' || connection: 0xc00020cf20 || channels: clientRegistered 0xc000030660  |  ReceivedMessages 0xc0000705a0
INFO - App:  2024/01/27 13:45:46.404378 The chat Hub is running...
INFO - App:  2024/01/27 13:46:11.553331 WaitingRoom created, id: id: 14ee625d-6a5f-48a2-b152-e630285d4509
INFO - App:  2024/01/27 13:46:11.553543 connection 0xc0000a0000 to '/joinGame' is upgraded to the WebSocket protocol
INFO - App:  2024/01/27 13:46:11.553598 New client in room 'id: 14ee625d-6a5f-48a2-b152-e630285d4509' is created: addr: 0xc000092040 || User:'rr' || connection: 0xc0000a0000 || channels: clientRegistered 0xc00009e060  |  ReceivedMessages 0xc000098060
INFO - App:  2024/01/27 13:46:11.553852 User 'rr' joined  room 'id: 14ee625d-6a5f-48a2-b152-e630285d4509' 
INFO - App:  2024/01/27 13:46:11.553932 write message {"type":"usersInRoom","payload":{"result":"success","data":[{"playerName":"rr","playerNumber":1}]}}
INFO - App:  2024/01/27 13:46:11.553986 Websocket: send message: '{"type":"usersInRoom","payload":{"result":"success","data":[{"playerName":"rr","playerNumber":1}]}}' to client addr: 0xc000092040 || User:'rr' || connection: 0xc0000a0000 || channels: clientRegistered 0xc00009e060  |  ReceivedMessages 0xc000098060
INFO - App:  2024/01/27 13:46:11.554107 Websocket: send message: '{"type":"registerNewPlayer","payload":{"result":"success","data":{"playerName":"rr","playerNumber......' to client addr: 0xc000092040 || User:'rr' || connection: 0xc0000a0000 || channels: clientRegistered 0xc00009e060  |  ReceivedMessages 0xc000098060
INFO - App:  2024/01/27 13:46:21.711265 connection 0xc00021a2c0 to '/joinGame' is upgraded to the WebSocket protocol
INFO - App:  2024/01/27 13:47:19.749752 Message received from js: { }
 
INFO - App:  2024/01/27 13:47:19.764842 ReadPump closed connection 0xc0000a0000
INFO - App:  2024/01/27 13:47:19.764882 write message 
INFO - App:  2024/01/27 13:47:19.765039 WritePump is closing connection because the hub closed the channel 0xc000098060 
INFO - App:  2024/01/27 13:47:19.765047 WritePump is closing connection 0xc0000a0000 of client 'addr: 0xc000092040 || User:'rr' || connection: 0xc0000a0000 || channels: clientRegistered 0xc00009e060  |  ReceivedMessages 0xc000098060' because the hub closed the channel 0xc000098060 
INFO - App:  2024/01/27 13:47:22.074718 connection 0xc00021a6e0 to '/joinGame' is upgraded to the WebSocket protocol
INFO - App:  2024/01/27 13:47:22.074821 New client in room 'id: 14ee625d-6a5f-48a2-b152-e630285d4509' is created: addr: 0xc00006e280 || User:'rr' || connection: 0xc00021a6e0 || channels: clientRegistered 0xc000030300  |  ReceivedMessages 0xc0000705a0
INFO - App:  2024/01/27 13:47:22.074954 write message {"type":"usersInRoom","payload":{"result":"success","data":[{"playerName":"rr","playerNumber":1}]}}
INFO - App:  2024/01/27 13:47:22.074995 Websocket: send message: '{"type":"usersInRoom","payload":{"result":"success","data":[{"playerName":"rr","playerNumber":1}]}}' to client addr: 0xc00006e280 || User:'rr' || connection: 0xc00021a6e0 || channels: clientRegistered 0xc000030300  |  ReceivedMessages 0xc0000705a0
INFO - App:  2024/01/27 13:47:22.075190 User 'rr' joined  room 'id: 14ee625d-6a5f-48a2-b152-e630285d4509' 
INFO - App:  2024/01/27 13:47:22.075351 Websocket: send message: '{"type":"registerNewPlayer","payload":{"result":"success","data":{"playerName":"rr","playerNumber......' to client addr: 0xc00006e280 || User:'rr' || connection: 0xc00021a6e0 || channels: clientRegistered 0xc000030300  |  ReceivedMessages 0xc0000705a0
INFO - App:  2024/01/27 13:47:28.334640 connection 0xc0002b22c0 to '/joinGame' is upgraded to the WebSocket protocol
INFO - App:  2024/01/27 13:48:13.185362 Message received from js: { }
 
INFO - App:  2024/01/27 13:48:13.201781 ReadPump closed connection 0xc00021a6e0
INFO - App:  2024/01/27 13:48:13.201859 write message 
INFO - App:  2024/01/27 13:48:13.201871 WritePump is closing connection because the hub closed the channel 0xc0000705a0 
INFO - App:  2024/01/27 13:48:13.201875 WritePump is closing connection 0xc00021a6e0 of client 'addr: 0xc00006e280 || User:'rr' || connection: 0xc00021a6e0 || channels: clientRegistered 0xc000030300  |  ReceivedMessages 0xc0000705a0' because the hub closed the channel 0xc0000705a0 
INFO - App:  2024/01/27 13:48:16.272134 connection 0xc0000a0420 to '/joinGame' is upgraded to the WebSocket protocol
INFO - App:  2024/01/27 13:48:16.272388 New client in room 'id: 14ee625d-6a5f-48a2-b152-e630285d4509' is created: addr: 0xc000092200 || User:'tt' || connection: 0xc0000a0420 || channels: clientRegistered 0xc00009e240  |  ReceivedMessages 0xc000098180
INFO - App:  2024/01/27 13:48:16.273069 User 'tt' joined  room 'id: 14ee625d-6a5f-48a2-b152-e630285d4509' 
INFO - App:  2024/01/27 13:48:16.273169 write message {"type":"usersInRoom","payload":{"result":"success","data":[{"playerName":"tt","playerNumber":1}]}}
INFO - App:  2024/01/27 13:48:16.273261 Websocket: send message: '{"type":"usersInRoom","payload":{"result":"success","data":[{"playerName":"tt","playerNumber":1}]}}' to client addr: 0xc000092200 || User:'tt' || connection: 0xc0000a0420 || channels: clientRegistered 0xc00009e240  |  ReceivedMessages 0xc000098180
INFO - App:  2024/01/27 13:48:16.273336 Websocket: send message: '{"type":"registerNewPlayer","payload":{"result":"success","data":{"playerName":"tt","playerNumber......' to client addr: 0xc000092200 || User:'tt' || connection: 0xc0000a0420 || channels: clientRegistered 0xc00009e240  |  ReceivedMessages 0xc000098180
INFO - App:  2024/01/27 13:48:22.148419 connection 0xc0002b26e0 to '/joinGame' is upgraded to the WebSocket protocol
INFO - App:  2024/01/27 13:48:27.561939 connection 0xc0002b2b00 to '/joinGame' is upgraded to the WebSocket protocol
INFO - App:  2024/01/27 13:48:27.562048 New client in room 'id: 14ee625d-6a5f-48a2-b152-e630285d4509' is created: addr: 0xc000298340 || User:'tte' || connection: 0xc0002b2b00 || channels: clientRegistered 0xc0002ac360  |  ReceivedMessages 0xc000294360
INFO - App:  2024/01/27 13:48:27.562161 User 'tte' joined  room 'id: 14ee625d-6a5f-48a2-b152-e630285d4509' 
INFO - App:  2024/01/27 13:48:27.562187 write message {"type":"registerNewPlayer","payload":{"result":"success","data":{"playerName":"tte","playerNumber":2}}}
INFO - App:  2024/01/27 13:48:27.562196 Websocket: send message: '{"type":"registerNewPlayer","payload":{"result":"success","data":{"playerName":"tte","playerNumbe......' to client addr: 0xc000092200 || User:'tt' || connection: 0xc0000a0420 || channels: clientRegistered 0xc00009e240  |  ReceivedMessages 0xc000098180
INFO - App:  2024/01/27 13:48:27.562362 write message {"type":"usersInRoom","payload":{"result":"success","data":[{"playerName":"tt","playerNumber":1},{"playerName":"tte","playerNumber":2}]}}
INFO - App:  2024/01/27 13:48:27.562429 Websocket: send message: '{"type":"usersInRoom","payload":{"result":"success","data":[{"playerName":"tt","playerNumber":1},......' to client addr: 0xc000298340 || User:'tte' || connection: 0xc0002b2b00 || channels: clientRegistered 0xc0002ac360  |  ReceivedMessages 0xc000294360
INFO - App:  2024/01/27 13:48:27.562471 Websocket: send message: '{"type":"registerNewPlayer","payload":{"result":"success","data":{"playerName":"tte","playerNumbe......' to client addr: 0xc000298340 || User:'tte' || connection: 0xc0002b2b00 || channels: clientRegistered 0xc0002ac360  |  ReceivedMessages 0xc000294360
INFO - App:  2024/01/27 15:49:51.090828 Message received from js: { }
 
INFO - App:  2024/01/27 15:49:51.242745 write message {"type":"userQuitChat","payload":{"result":"success","data":{"playerName":"tt","playerNumber":1}}}
INFO - App:  2024/01/27 15:49:51.244580 Websocket: send message: '{"type":"userQuitChat","payload":{"result":"success","data":{"playerName":"tt","playerNumber":1}}}' to client addr: 0xc000298340 || User:'tte' || connection: 0xc0002b2b00 || channels: clientRegistered 0xc0002ac360  |  ReceivedMessages 0xc000294360
INFO - App:  2024/01/27 15:49:51.245320 write message 
INFO - App:  2024/01/27 15:49:51.251377 WritePump is closing connection because the hub closed the channel 0xc000098180 
INFO - App:  2024/01/27 15:49:51.251867 ReadPump closed connection 0xc0000a0420
INFO - App:  2024/01/27 15:49:51.251832 WritePump is closing connection 0xc0000a0420 of client 'addr: 0xc000092200 || User:'tt' || connection: 0xc0000a0420 || channels: clientRegistered 0xc00009e240  |  ReceivedMessages 0xc000098180' because the hub closed the channel 0xc000098180 
INFO - App:  2024/01/27 15:51:45.960427 connection 0xc0002b2f20 to '/joinGame' is upgraded to the WebSocket protocol
INFO - App:  2024/01/27 15:51:45.960968 New client in room 'id: 14ee625d-6a5f-48a2-b152-e630285d4509' is created: addr: 0xc000298440 || User:'tt' || connection: 0xc0002b2f20 || channels: clientRegistered 0xc0002ac4e0  |  ReceivedMessages 0xc000294480
INFO - App:  2024/01/27 15:51:45.965561 User 'tt' joined  room 'id: 14ee625d-6a5f-48a2-b152-e630285d4509' 
INFO - App:  2024/01/27 15:51:45.965572 write message {"type":"usersInRoom","payload":{"result":"success","data":[{"playerName":"tt","playerNumber":2},{"playerName":"tte","playerNumber":2}]}}
INFO - App:  2024/01/27 15:51:45.965904 write message {"type":"registerNewPlayer","payload":{"result":"success","data":{"playerName":"tt","playerNumber":2}}}
INFO - App:  2024/01/27 15:51:45.966119 Websocket: send message: '{"type":"usersInRoom","payload":{"result":"success","data":[{"playerName":"tt","playerNumber":2},......' to client addr: 0xc000298440 || User:'tt' || connection: 0xc0002b2f20 || channels: clientRegistered 0xc0002ac4e0  |  ReceivedMessages 0xc000294480
INFO - App:  2024/01/27 15:51:45.967052 Websocket: send message: '{"type":"registerNewPlayer","payload":{"result":"success","data":{"playerName":"tt","playerNumber......' to client addr: 0xc000298440 || User:'tt' || connection: 0xc0002b2f20 || channels: clientRegistered 0xc0002ac4e0  |  ReceivedMessages 0xc000294480
INFO - App:  2024/01/27 15:51:45.966859 Websocket: send message: '{"type":"registerNewPlayer","payload":{"result":"success","data":{"playerName":"tt","playerNumber......' to client addr: 0xc000298340 || User:'tte' || connection: 0xc0002b2b00 || channels: clientRegistered 0xc0002ac360  |  ReceivedMessages 0xc000294360
INFO - App:  2024/01/27 15:51:55.481142 Message received from js: { }
 
INFO - App:  2024/01/27 15:51:55.483450 write message {"type":"userQuitChat","payload":{"result":"success","data":{"playerName":"tte","playerNumber":2}}}
INFO - App:  2024/01/27 15:51:55.483490 write message 
INFO - App:  2024/01/27 15:51:55.483512 WritePump is closing connection because the hub closed the channel 0xc000294360 
INFO - App:  2024/01/27 15:51:55.483516 WritePump is closing connection 0xc0002b2b00 of client 'addr: 0xc000298340 || User:'tte' || connection: 0xc0002b2b00 || channels: clientRegistered 0xc0002ac360  |  ReceivedMessages 0xc000294360' because the hub closed the channel 0xc000294360 
INFO - App:  2024/01/27 15:51:55.483488 Websocket: send message: '{"type":"userQuitChat","payload":{"result":"success","data":{"playerName":"tte","playerNumber":2}}}' to client addr: 0xc000298440 || User:'tt' || connection: 0xc0002b2f20 || channels: clientRegistered 0xc0002ac4e0  |  ReceivedMessages 0xc000294480
INFO - App:  2024/01/27 15:51:55.484646 ReadPump closed connection 0xc0002b2b00
INFO - App:  2024/01/27 15:51:58.549909 connection 0xc0000a0840 to '/joinGame' is upgraded to the WebSocket protocol
INFO - App:  2024/01/27 15:51:58.550041 New client in room 'id: 14ee625d-6a5f-48a2-b152-e630285d4509' is created: addr: 0xc000092300 || User:'rtt' || connection: 0xc0000a0840 || channels: clientRegistered 0xc00009e480  |  ReceivedMessages 0xc000098300
INFO - App:  2024/01/27 15:51:58.551104 write message {"type":"usersInRoom","payload":{"result":"success","data":[{"playerName":"tt","playerNumber":2},{"playerName":"rtt","playerNumber":2}]}}
INFO - App:  2024/01/27 15:51:58.551097 User 'rtt' joined  room 'id: 14ee625d-6a5f-48a2-b152-e630285d4509' 
INFO - App:  2024/01/27 15:51:58.551109 write message {"type":"registerNewPlayer","payload":{"result":"success","data":{"playerName":"rtt","playerNumber":2}}}
INFO - App:  2024/01/27 15:51:58.551428 Websocket: send message: '{"type":"registerNewPlayer","payload":{"result":"success","data":{"playerName":"rtt","playerNumbe......' to client addr: 0xc000298440 || User:'tt' || connection: 0xc0002b2f20 || channels: clientRegistered 0xc0002ac4e0  |  ReceivedMessages 0xc000294480
INFO - App:  2024/01/27 15:51:58.551840 Websocket: send message: '{"type":"usersInRoom","payload":{"result":"success","data":[{"playerName":"tt","playerNumber":2},......' to client addr: 0xc000092300 || User:'rtt' || connection: 0xc0000a0840 || channels: clientRegistered 0xc00009e480  |  ReceivedMessages 0xc000098300
INFO - App:  2024/01/27 15:51:58.551938 Websocket: send message: '{"type":"registerNewPlayer","payload":{"result":"success","data":{"playerName":"rtt","playerNumbe......' to client addr: 0xc000092300 || User:'rtt' || connection: 0xc0000a0840 || channels: clientRegistered 0xc00009e480  |  ReceivedMessages 0xc000098300
INFO - App:  2024/01/27 15:52:22.035683 connection 0xc00018e580 to '/joinGame' is upgraded to the WebSocket protocol
INFO - App:  2024/01/27 15:52:22.035775 New client in room 'id: 14ee625d-6a5f-48a2-b152-e630285d4509' is created: addr: 0xc000140480 || User:'tyy' || connection: 0xc00018e580 || channels: clientRegistered 0xc000102480  |  ReceivedMessages 0xc000122840
INFO - App:  2024/01/27 15:52:22.036657 write message {"type":"usersInRoom","payload":{"result":"success","data":[{"playerName":"rtt","playerNumber":2},{"playerName":"tyy","playerNumber":3},{"playerName":"tt","playerNumber":2}]}}
INFO - App:  2024/01/27 15:52:22.037071 write message {"type":"registerNewPlayer","payload":{"result":"success","data":{"playerName":"tyy","playerNumber":3}}}
INFO - App:  2024/01/27 15:52:22.037106 Websocket: send message: '{"type":"registerNewPlayer","payload":{"result":"success","data":{"playerName":"tyy","playerNumbe......' to client addr: 0xc000298440 || User:'tt' || connection: 0xc0002b2f20 || channels: clientRegistered 0xc0002ac4e0  |  ReceivedMessages 0xc000294480
INFO - App:  2024/01/27 15:52:22.037121 write message {"type":"registerNewPlayer","payload":{"result":"success","data":{"playerName":"tyy","playerNumber":3}}}
INFO - App:  2024/01/27 15:52:22.037141 Websocket: send message: '{"type":"registerNewPlayer","payload":{"result":"success","data":{"playerName":"tyy","playerNumbe......' to client addr: 0xc000092300 || User:'rtt' || connection: 0xc0000a0840 || channels: clientRegistered 0xc00009e480  |  ReceivedMessages 0xc000098300
INFO - App:  2024/01/27 15:52:22.037550 User 'tyy' joined  room 'id: 14ee625d-6a5f-48a2-b152-e630285d4509' 
INFO - App:  2024/01/27 15:52:22.037885 Websocket: send message: '{"type":"usersInRoom","payload":{"result":"success","data":[{"playerName":"rtt","playerNumber":2}......' to client addr: 0xc000140480 || User:'tyy' || connection: 0xc00018e580 || channels: clientRegistered 0xc000102480  |  ReceivedMessages 0xc000122840
INFO - App:  2024/01/27 15:52:22.037974 Websocket: send message: '{"type":"registerNewPlayer","payload":{"result":"success","data":{"playerName":"tyy","playerNumbe......' to client addr: 0xc000140480 || User:'tyy' || connection: 0xc00018e580 || channels: clientRegistered 0xc000102480  |  ReceivedMessages 0xc000122840
INFO - App:  2024/01/27 15:52:29.369504 connection 0xc00021ab00 to '/joinGame' is upgraded to the WebSocket protocol
INFO - App:  2024/01/27 15:52:29.369598 New client in room '<nil>' is created: addr: 0xc00006e3c0 || User:'hryh' || connection: 0xc00021ab00 || channels: clientRegistered 0xc000030480  |  ReceivedMessages 0xc0000706c0
INFO - App:  2024/01/27 15:52:29.371424 write message {"type":"usersInRoom","payload":{"result":"success","data":[{"playerName":"tt","playerNumber":2},{"playerName":"rtt","playerNumber":2},{"playerName":"tyy","playerNumber":3},{"playerName":"hryh","playerNumber":4}]}}
INFO - App:  2024/01/27 15:52:29.371542 write message {"type":"registerNewPlayer","payload":{"result":"success","data":{"playerName":"hryh","playerNumber":4}}}
INFO - App:  2024/01/27 15:52:29.371563 Websocket: send message: '{"type":"registerNewPlayer","payload":{"result":"success","data":{"playerName":"hryh","playerNumb......' to client addr: 0xc000298440 || User:'tt' || connection: 0xc0002b2f20 || channels: clientRegistered 0xc0002ac4e0  |  ReceivedMessages 0xc000294480
INFO - App:  2024/01/27 15:52:29.371749 Websocket: send message: '{"type":"usersInRoom","payload":{"result":"success","data":[{"playerName":"tt","playerNumber":2},......' to client addr: 0xc00006e3c0 || User:'hryh' || connection: 0xc00021ab00 || channels: clientRegistered 0xc000030480  |  ReceivedMessages 0xc0000706c0
INFO - App:  2024/01/27 15:52:29.371843 User 'hryh' joined  room 'id: 14ee625d-6a5f-48a2-b152-e630285d4509' 
INFO - App:  2024/01/27 15:52:29.371847 write message {"type":"registerNewPlayer","payload":{"result":"success","data":{"playerName":"hryh","playerNumber":4}}}
INFO - App:  2024/01/27 15:52:29.371875 Websocket: send message: '{"type":"registerNewPlayer","payload":{"result":"success","data":{"playerName":"hryh","playerNumb......' to client addr: 0xc000092300 || User:'rtt' || connection: 0xc0000a0840 || channels: clientRegistered 0xc00009e480  |  ReceivedMessages 0xc000098300
INFO - App:  2024/01/27 15:52:29.371847 Websocket: send message: '{"type":"registerNewPlayer","payload":{"result":"success","data":{"playerName":"hryh","playerNumb......' to client addr: 0xc00006e3c0 || User:'hryh' || connection: 0xc00021ab00 || channels: clientRegistered 0xc000030480  |  ReceivedMessages 0xc0000706c0
INFO - App:  2024/01/27 15:52:29.371858 write message {"type":"registerNewPlayer","payload":{"result":"success","data":{"playerName":"hryh","playerNumber":4}}}
INFO - App:  2024/01/27 15:52:29.378204 Websocket: send message: '{"type":"registerNewPlayer","payload":{"result":"success","data":{"playerName":"hryh","playerNumb......' to client addr: 0xc000140480 || User:'tyy' || connection: 0xc00018e580 || channels: clientRegistered 0xc000102480  |  ReceivedMessages 0xc000122840
INFO - App:  2024/01/27 15:52:33.349666 Message received from js: { }
 
INFO - App:  2024/01/27 15:52:33.351683 write message {"type":"userQuitChat","payload":{"result":"success","data":{"playerName":"tt","playerNumber":2}}}
INFO - App:  2024/01/27 15:52:33.351718 ReadPump closed connection 0xc0002b2f20
INFO - App:  2024/01/27 15:52:33.351723 Websocket: send message: '{"type":"userQuitChat","payload":{"result":"success","data":{"playerName":"tt","playerNumber":2}}}' to client addr: 0xc000140480 || User:'tyy' || connection: 0xc00018e580 || channels: clientRegistered 0xc000102480  |  ReceivedMessages 0xc000122840
INFO - App:  2024/01/27 15:52:33.351734 write message 
INFO - App:  2024/01/27 15:52:33.351737 WritePump is closing connection because the hub closed the channel 0xc000294480 
INFO - App:  2024/01/27 15:52:33.351740 WritePump is closing connection 0xc0002b2f20 of client 'addr: 0xc000298440 || User:'tt' || connection: 0xc0002b2f20 || channels: clientRegistered 0xc0002ac4e0  |  ReceivedMessages 0xc000294480' because the hub closed the channel 0xc000294480 
INFO - App:  2024/01/27 15:52:33.351793 write message {"type":"userQuitChat","payload":{"result":"success","data":{"playerName":"tt","playerNumber":2}}}
INFO - App:  2024/01/27 15:52:33.351795 write message {"type":"userQuitChat","payload":{"result":"success","data":{"playerName":"tt","playerNumber":2}}}
INFO - App:  2024/01/27 15:52:33.351801 Websocket: send message: '{"type":"userQuitChat","payload":{"result":"success","data":{"playerName":"tt","playerNumber":2}}}' to client addr: 0xc00006e3c0 || User:'hryh' || connection: 0xc00021ab00 || channels: clientRegistered 0xc000030480  |  ReceivedMessages 0xc0000706c0
INFO - App:  2024/01/27 15:52:33.351806 Websocket: send message: '{"type":"userQuitChat","payload":{"result":"success","data":{"playerName":"tt","playerNumber":2}}}' to client addr: 0xc000092300 || User:'rtt' || connection: 0xc0000a0840 || channels: clientRegistered 0xc00009e480  |  ReceivedMessages 0xc000098300
INFO - App:  2024/01/27 15:52:36.337805 WaitingRoom created, id: id: 21e00482-9d80-4216-9679-1625f70f4b0f
INFO - App:  2024/01/27 15:52:36.337974 connection 0xc0000a0c60 to '/joinGame' is upgraded to the WebSocket protocol
INFO - App:  2024/01/27 15:52:36.338017 New client in room 'id: 21e00482-9d80-4216-9679-1625f70f4b0f' is created: addr: 0xc000092400 || User:'tgf' || connection: 0xc0000a0c60 || channels: clientRegistered 0xc00009e660  |  ReceivedMessages 0xc000098600
INFO - App:  2024/01/27 15:52:36.338060 User 'tgf' joined  room 'id: 21e00482-9d80-4216-9679-1625f70f4b0f' 
INFO - App:  2024/01/27 15:52:36.338083 write message {"type":"usersInRoom","payload":{"result":"success","data":[{"playerName":"tgf","playerNumber":1}]}}
INFO - App:  2024/01/27 15:52:36.338110 Websocket: send message: '{"type":"usersInRoom","payload":{"result":"success","data":[{"playerName":"tgf","playerNumber":1}]}}' to client addr: 0xc000092400 || User:'tgf' || connection: 0xc0000a0c60 || channels: clientRegistered 0xc00009e660  |  ReceivedMessages 0xc000098600
INFO - App:  2024/01/27 15:52:36.338154 Websocket: send message: '{"type":"registerNewPlayer","payload":{"result":"success","data":{"playerName":"tgf","playerNumbe......' to client addr: 0xc000092400 || User:'tgf' || connection: 0xc0000a0c60 || channels: clientRegistered 0xc00009e660  |  ReceivedMessages 0xc000098600
INFO - App:  2024/01/27 15:52:42.505983 Message received from js: { }
 
INFO - App:  2024/01/27 15:52:42.506227 write message {"type":"userQuitChat","payload":{"result":"success","data":{"playerName":"rtt","playerNumber":2}}}
INFO - App:  2024/01/27 15:52:42.506246 Websocket: send message: '{"type":"userQuitChat","payload":{"result":"success","data":{"playerName":"rtt","playerNumber":2}}}' to client addr: 0xc00006e3c0 || User:'hryh' || connection: 0xc00021ab00 || channels: clientRegistered 0xc000030480  |  ReceivedMessages 0xc0000706c0
INFO - App:  2024/01/27 15:52:42.506313 ReadPump closed connection 0xc0000a0840
INFO - App:  2024/01/27 15:52:42.506323 write message 
INFO - App:  2024/01/27 15:52:42.506327 WritePump is closing connection because the hub closed the channel 0xc000098300 
INFO - App:  2024/01/27 15:52:42.506330 WritePump is closing connection 0xc0000a0840 of client 'addr: 0xc000092300 || User:'rtt' || connection: 0xc0000a0840 || channels: clientRegistered 0xc00009e480  |  ReceivedMessages 0xc000098300' because the hub closed the channel 0xc000098300 
INFO - App:  2024/01/27 15:52:42.506362 write message {"type":"userQuitChat","payload":{"result":"success","data":{"playerName":"rtt","playerNumber":2}}}
INFO - App:  2024/01/27 15:52:42.506366 Websocket: send message: '{"type":"userQuitChat","payload":{"result":"success","data":{"playerName":"rtt","playerNumber":2}}}' to client addr: 0xc000140480 || User:'tyy' || connection: 0xc00018e580 || channels: clientRegistered 0xc000102480  |  ReceivedMessages 0xc000122840
INFO - App:  2024/01/27 15:52:45.150870 connection 0xc0000a1080 to '/joinGame' is upgraded to the WebSocket protocol
INFO - App:  2024/01/27 15:52:45.151135 New client in room 'id: 21e00482-9d80-4216-9679-1625f70f4b0f' is created: addr: 0xc000092500 || User:'rrrr' || connection: 0xc0000a1080 || channels: clientRegistered 0xc00009e7e0  |  ReceivedMessages 0xc000098720
INFO - App:  2024/01/27 15:52:45.151325 write message {"type":"usersInRoom","payload":{"result":"success","data":[{"playerName":"tgf","playerNumber":1},{"playerName":"rrrr","playerNumber":2}]}}
INFO - App:  2024/01/27 15:52:45.151369 write message {"type":"registerNewPlayer","payload":{"result":"success","data":{"playerName":"rrrr","playerNumber":2}}}
INFO - App:  2024/01/27 15:52:45.151383 Websocket: send message: '{"type":"registerNewPlayer","payload":{"result":"success","data":{"playerName":"rrrr","playerNumb......' to client addr: 0xc000092400 || User:'tgf' || connection: 0xc0000a0c60 || channels: clientRegistered 0xc00009e660  |  ReceivedMessages 0xc000098600
INFO - App:  2024/01/27 15:52:45.151364 Websocket: send message: '{"type":"usersInRoom","payload":{"result":"success","data":[{"playerName":"tgf","playerNumber":1}......' to client addr: 0xc000092500 || User:'rrrr' || connection: 0xc0000a1080 || channels: clientRegistered 0xc00009e7e0  |  ReceivedMessages 0xc000098720
INFO - App:  2024/01/27 15:52:45.151498 Websocket: send message: '{"type":"registerNewPlayer","payload":{"result":"success","data":{"playerName":"rrrr","playerNumb......' to client addr: 0xc000092500 || User:'rrrr' || connection: 0xc0000a1080 || channels: clientRegistered 0xc00009e7e0  |  ReceivedMessages 0xc000098720
INFO - App:  2024/01/27 15:52:45.151338 User 'rrrr' joined  room 'id: 21e00482-9d80-4216-9679-1625f70f4b0f' 
